Determining if the pthread_create exist failed with the following output:
Change Dir: /home/kyle/PycharmProjects/SNU_USR_dev/src/snu_module/scripts4/detection_lib/darknet/build_release/CMakeFiles/CMakeTmp

Run Build Command:"/usr/bin/make" "cmTC_c7fab/fast"
/usr/bin/make -f CMakeFiles/cmTC_c7fab.dir/build.make CMakeFiles/cmTC_c7fab.dir/build
make[1]: Entering directory '/home/kyle/PycharmProjects/SNU_USR_dev/src/snu_module/scripts4/detection_lib/darknet/build_release/CMakeFiles/CMakeTmp'
Building C object CMakeFiles/cmTC_c7fab.dir/CheckSymbolExists.c.o
/usr/bin/cc   -fPIC    -o CMakeFiles/cmTC_c7fab.dir/CheckSymbolExists.c.o   -c /home/kyle/PycharmProjects/SNU_USR_dev/src/snu_module/scripts4/detection_lib/darknet/build_release/CMakeFiles/CMakeTmp/CheckSymbolExists.c
Linking C executable cmTC_c7fab
/usr/local/bin/cmake -E cmake_link_script CMakeFiles/cmTC_c7fab.dir/link.txt --verbose=1
/usr/bin/cc -fPIC     CMakeFiles/cmTC_c7fab.dir/CheckSymbolExists.c.o  -o cmTC_c7fab 
CMakeFiles/cmTC_c7fab.dir/CheckSymbolExists.c.o: In function `main':
CheckSymbolExists.c:(.text+0x1b): undefined reference to `pthread_create'
collect2: error: ld returned 1 exit status
CMakeFiles/cmTC_c7fab.dir/build.make:86: recipe for target 'cmTC_c7fab' failed
make[1]: *** [cmTC_c7fab] Error 1
make[1]: Leaving directory '/home/kyle/PycharmProjects/SNU_USR_dev/src/snu_module/scripts4/detection_lib/darknet/build_release/CMakeFiles/CMakeTmp'
Makefile:121: recipe for target 'cmTC_c7fab/fast' failed
make: *** [cmTC_c7fab/fast] Error 2

File /home/kyle/PycharmProjects/SNU_USR_dev/src/snu_module/scripts4/detection_lib/darknet/build_release/CMakeFiles/CMakeTmp/CheckSymbolExists.c:
/* */
#include <pthread.h>

int main(int argc, char** argv)
{
  (void)argv;
#ifndef pthread_create
  return ((int*)(&pthread_create))[argc];
#else
  (void)argc;
  return 0;
#endif
}

Determining if the function pthread_create exists in the pthreads failed with the following output:
Change Dir: /home/kyle/PycharmProjects/SNU_USR_dev/src/snu_module/scripts4/detection_lib/darknet/build_release/CMakeFiles/CMakeTmp

Run Build Command:"/usr/bin/make" "cmTC_1f1b6/fast"
/usr/bin/make -f CMakeFiles/cmTC_1f1b6.dir/build.make CMakeFiles/cmTC_1f1b6.dir/build
make[1]: Entering directory '/home/kyle/PycharmProjects/SNU_USR_dev/src/snu_module/scripts4/detection_lib/darknet/build_release/CMakeFiles/CMakeTmp'
Building C object CMakeFiles/cmTC_1f1b6.dir/CheckFunctionExists.c.o
/usr/bin/cc   -fPIC -DCHECK_FUNCTION_EXISTS=pthread_create   -o CMakeFiles/cmTC_1f1b6.dir/CheckFunctionExists.c.o   -c /usr/local/share/cmake-3.12/Modules/CheckFunctionExists.c
Linking C executable cmTC_1f1b6
/usr/local/bin/cmake -E cmake_link_script CMakeFiles/cmTC_1f1b6.dir/link.txt --verbose=1
/usr/bin/cc -fPIC -DCHECK_FUNCTION_EXISTS=pthread_create    CMakeFiles/cmTC_1f1b6.dir/CheckFunctionExists.c.o  -o cmTC_1f1b6 -lpthreads 
/usr/bin/ld: cannot find -lpthreads
collect2: error: ld returned 1 exit status
CMakeFiles/cmTC_1f1b6.dir/build.make:86: recipe for target 'cmTC_1f1b6' failed
make[1]: *** [cmTC_1f1b6] Error 1
make[1]: Leaving directory '/home/kyle/PycharmProjects/SNU_USR_dev/src/snu_module/scripts4/detection_lib/darknet/build_release/CMakeFiles/CMakeTmp'
Makefile:121: recipe for target 'cmTC_1f1b6/fast' failed
make: *** [cmTC_1f1b6/fast] Error 2


